<?xml version="1.0" encoding="UTF-8"?>
<Site BuildName="(empty)"
	BuildStamp="20240618-1128-20240605-0802"
	Name="system"
	Generator="ctest-3.16.3"
	CompilerName="/usr/bin/c++"
	CompilerVersion="9.4.0"
	OSName="Linux"
	Hostname="system"
	OSRelease="5.15.0-107-generic"
	OSVersion="#117~20.04.1-Ubuntu SMP Tue Apr 30 10:35:57 UTC 2024"
	OSPlatform="x86_64"
	Is64Bits="1"
	VendorString="AuthenticAMD"
	VendorID="Advanced Micro Devices"
	FamilyID="23"
	ModelID="96"
	ProcessorCacheSize="512"
	NumberOfLogicalCPU="12"
	NumberOfPhysicalCPU="6"
	TotalVirtualMemory="2047"
	TotalPhysicalMemory="15351"
	LogicalProcessorsPerPhysical="2"
	ProcessorClockFrequency="3760.1"
	>
	<Testing>
		<StartDateTime>Jun 18 21:42 WIB</StartDateTime>
		<StartTestTime>1718721778</StartTestTime>
		<TestList/>
		<EndDateTime>Jun 18 21:42 WIB</EndDateTime>
		<EndTestTime>1718721778</EndTestTime>
		<ElapsedMinutes>0</ElapsedMinutes>
	</Testing>
</Site>
